<?xml version="1.0" encoding="UTF-8"?>
<testsuite name="br.com.peer.ecommerce.EcommerceApplicationTests" tests="1" skipped="0" failures="0" errors="0" timestamp="2025-04-16T03:50:22.171Z" hostname="DESKTOP-FUI53BO" time="0.321">
  <properties/>
  <testcase name="contextLoads()" classname="br.com.peer.ecommerce.EcommerceApplicationTests" time="0.321"/>
  <system-out><![CDATA[00:50:18.124 [Test worker] INFO org.springframework.test.context.support.AnnotationConfigContextLoaderUtils -- Could not detect default configuration classes for test class [br.com.peer.ecommerce.EcommerceApplicationTests]: EcommerceApplicationTests does not declare any static, non-private, non-final, nested classes annotated with @Configuration.
00:50:18.200 [Test worker] INFO org.springframework.boot.test.context.SpringBootTestContextBootstrapper -- Found @SpringBootConfiguration br.com.peer.ecommerce.EcommerceApplication for test class br.com.peer.ecommerce.EcommerceApplicationTests

  .   ____          _            __ _ _
 /\\ / ___'_ __ _ _(_)_ __  __ _ \ \ \ \
( ( )\___ | '_ | '_| | '_ \/ _` | \ \ \ \
 \\/  ___)| |_)| | | | | || (_| |  ) ) ) )
  '  |____| .__|_| |_|_| |_\__, | / / / /
 =========|_|==============|___/=/_/_/_/

 :: Spring Boot ::                (v3.4.4)

2025-04-16T00:50:18.470-03:00  INFO 14852 --- [    Test worker] b.c.p.e.EcommerceApplicationTests        : Starting EcommerceApplicationTests using Java 17.0.12 with PID 14852 (started by Cabraiz in C:\Users\Cabraiz\IdeaProjects\ecommerce)
2025-04-16T00:50:18.471-03:00  INFO 14852 --- [    Test worker] b.c.p.e.EcommerceApplicationTests        : No active profile set, falling back to 1 default profile: "default"
2025-04-16T00:50:18.957-03:00  INFO 14852 --- [    Test worker] .s.d.r.c.RepositoryConfigurationDelegate : Bootstrapping Spring Data JPA repositories in DEFAULT mode.
2025-04-16T00:50:18.996-03:00  INFO 14852 --- [    Test worker] .s.d.r.c.RepositoryConfigurationDelegate : Finished Spring Data repository scanning in 32 ms. Found 1 JPA repository interface.
2025-04-16T00:50:19.260-03:00  INFO 14852 --- [    Test worker] o.hibernate.jpa.internal.util.LogHelper  : HHH000204: Processing PersistenceUnitInfo [name: default]
2025-04-16T00:50:19.305-03:00  INFO 14852 --- [    Test worker] org.hibernate.Version                    : HHH000412: Hibernate ORM core version 6.6.11.Final
2025-04-16T00:50:19.333-03:00  INFO 14852 --- [    Test worker] o.h.c.internal.RegionFactoryInitiator    : HHH000026: Second-level cache disabled
2025-04-16T00:50:19.542-03:00  INFO 14852 --- [    Test worker] o.s.o.j.p.SpringPersistenceUnitInfo      : No LoadTimeWeaver setup: ignoring JPA class transformer
2025-04-16T00:50:19.565-03:00  INFO 14852 --- [    Test worker] com.zaxxer.hikari.HikariDataSource       : HikariPool-1 - Starting...
2025-04-16T00:50:20.446-03:00  INFO 14852 --- [    Test worker] com.zaxxer.hikari.pool.HikariPool        : HikariPool-1 - Added connection org.postgresql.jdbc.PgConnection@1dfcf85a
2025-04-16T00:50:20.447-03:00  INFO 14852 --- [    Test worker] com.zaxxer.hikari.HikariDataSource       : HikariPool-1 - Start completed.
2025-04-16T00:50:20.542-03:00  WARN 14852 --- [    Test worker] org.hibernate.orm.deprecation            : HHH90000025: PostgreSQLDialect does not need to be specified explicitly using 'hibernate.dialect' (remove the property setting and it will be selected by default)
2025-04-16T00:50:20.690-03:00  INFO 14852 --- [    Test worker] org.hibernate.orm.connections.pooling    : HHH10001005: Database info:
	Database JDBC URL [Connecting through datasource 'HikariDataSource (HikariPool-1)']
	Database driver: undefined/unknown
	Database version: 17.4
	Autocommit mode: undefined/unknown
	Isolation level: undefined/unknown
	Minimum pool size: undefined/unknown
	Maximum pool size: undefined/unknown
2025-04-16T00:50:21.226-03:00  INFO 14852 --- [    Test worker] o.h.e.t.j.p.i.JtaPlatformInitiator       : HHH000489: No JTA platform available (set 'hibernate.transaction.jta.platform' to enable JTA platform integration)
2025-04-16T00:50:21.533-03:00  INFO 14852 --- [    Test worker] j.LocalContainerEntityManagerFactoryBean : Initialized JPA EntityManagerFactory for persistence unit 'default'
2025-04-16T00:50:21.827-03:00  WARN 14852 --- [    Test worker] JpaBaseConfiguration$JpaWebConfiguration : spring.jpa.open-in-view is enabled by default. Therefore, database queries may be performed during view rendering. Explicitly configure spring.jpa.open-in-view to disable this warning
2025-04-16T00:50:21.861-03:00  INFO 14852 --- [    Test worker] o.s.v.b.OptionalValidatorFactoryBean     : Failed to set up a Bean Validation provider: jakarta.validation.NoProviderFoundException: Unable to create a Configuration, because no Jakarta Bean Validation provider could be found. Add a provider like Hibernate Validator (RI) to your classpath.
2025-04-16T00:50:22.160-03:00  INFO 14852 --- [    Test worker] b.c.p.e.EcommerceApplicationTests        : Started EcommerceApplicationTests in 3.861 seconds (process running for 4.58)
]]></system-out>
  <system-err><![CDATA[]]></system-err>
</testsuite>
