<?xml version="1.0" encoding="UTF-8"?>
<testsuite name="br.com.peer.ecommerce.EcommerceApplicationTests" tests="1" skipped="0" failures="0" errors="0" timestamp="2025-04-16T04:55:02.813Z" hostname="DESKTOP-FUI53BO" time="0.29">
  <properties/>
  <testcase name="contextLoads()" classname="br.com.peer.ecommerce.EcommerceApplicationTests" time="0.29"/>
  <system-out><![CDATA[01:54:56.300 [Test worker] INFO org.springframework.test.context.support.AnnotationConfigContextLoaderUtils -- Could not detect default configuration classes for test class [br.com.peer.ecommerce.EcommerceApplicationTests]: EcommerceApplicationTests does not declare any static, non-private, non-final, nested classes annotated with @Configuration.
01:54:56.416 [Test worker] INFO org.springframework.boot.test.context.SpringBootTestContextBootstrapper -- Found @SpringBootConfiguration br.com.peer.ecommerce.EcommerceApplication for test class br.com.peer.ecommerce.EcommerceApplicationTests

  .   ____          _            __ _ _
 /\\ / ___'_ __ _ _(_)_ __  __ _ \ \ \ \
( ( )\___ | '_ | '_| | '_ \/ _` | \ \ \ \
 \\/  ___)| |_)| | | | | || (_| |  ) ) ) )
  '  |____| .__|_| |_|_| |_\__, | / / / /
 =========|_|==============|___/=/_/_/_/

 :: Spring Boot ::                (v3.4.4)

2025-04-16T01:54:56.856-03:00  INFO 17644 --- [    Test worker] b.c.p.e.EcommerceApplicationTests        : Starting EcommerceApplicationTests using Java 17.0.12 with PID 17644 (started by Cabraiz in C:\Users\Cabraiz\Documents\GitHub\ecommerce)
2025-04-16T01:54:56.857-03:00  INFO 17644 --- [    Test worker] b.c.p.e.EcommerceApplicationTests        : No active profile set, falling back to 1 default profile: "default"
2025-04-16T01:54:57.379-03:00  INFO 17644 --- [    Test worker] .s.d.r.c.RepositoryConfigurationDelegate : Bootstrapping Spring Data JPA repositories in DEFAULT mode.
2025-04-16T01:54:57.438-03:00  INFO 17644 --- [    Test worker] .s.d.r.c.RepositoryConfigurationDelegate : Finished Spring Data repository scanning in 52 ms. Found 8 JPA repository interfaces.
2025-04-16T01:54:57.698-03:00  INFO 17644 --- [    Test worker] o.hibernate.jpa.internal.util.LogHelper  : HHH000204: Processing PersistenceUnitInfo [name: default]
2025-04-16T01:54:57.740-03:00  INFO 17644 --- [    Test worker] org.hibernate.Version                    : HHH000412: Hibernate ORM core version 6.6.11.Final
2025-04-16T01:54:57.767-03:00  INFO 17644 --- [    Test worker] o.h.c.internal.RegionFactoryInitiator    : HHH000026: Second-level cache disabled
2025-04-16T01:54:57.984-03:00  INFO 17644 --- [    Test worker] o.s.o.j.p.SpringPersistenceUnitInfo      : No LoadTimeWeaver setup: ignoring JPA class transformer
2025-04-16T01:54:58.008-03:00  INFO 17644 --- [    Test worker] com.zaxxer.hikari.HikariDataSource       : HikariPool-1 - Starting...
2025-04-16T01:54:58.860-03:00  INFO 17644 --- [    Test worker] com.zaxxer.hikari.pool.HikariPool        : HikariPool-1 - Added connection org.postgresql.jdbc.PgConnection@4e951fb1
2025-04-16T01:54:58.862-03:00  INFO 17644 --- [    Test worker] com.zaxxer.hikari.HikariDataSource       : HikariPool-1 - Start completed.
2025-04-16T01:54:58.949-03:00  WARN 17644 --- [    Test worker] org.hibernate.orm.deprecation            : HHH90000025: PostgreSQLDialect does not need to be specified explicitly using 'hibernate.dialect' (remove the property setting and it will be selected by default)
2025-04-16T01:54:59.100-03:00  INFO 17644 --- [    Test worker] org.hibernate.orm.connections.pooling    : HHH10001005: Database info:
	Database JDBC URL [Connecting through datasource 'HikariDataSource (HikariPool-1)']
	Database driver: undefined/unknown
	Database version: 17.4
	Autocommit mode: undefined/unknown
	Isolation level: undefined/unknown
	Minimum pool size: undefined/unknown
	Maximum pool size: undefined/unknown
2025-04-16T01:54:59.829-03:00  INFO 17644 --- [    Test worker] o.h.e.t.j.p.i.JtaPlatformInitiator       : HHH000489: No JTA platform available (set 'hibernate.transaction.jta.platform' to enable JTA platform integration)
Hibernate: 
    alter table if exists categorias 
       alter column id set data type bigint
Hibernate: 
    alter table if exists categorias 
       alter column nome set data type varchar(255)
Hibernate: 
    alter table if exists enderecos_usuario 
       alter column id set data type bigint
Hibernate: 
    alter table if exists enderecos_usuario 
       alter column apelido set data type varchar(255)
Hibernate: 
    alter table if exists enderecos_usuario 
       alter column cep set data type varchar(255)
Hibernate: 
    alter table if exists enderecos_usuario 
       alter column cidade set data type varchar(255)
Hibernate: 
    alter table if exists enderecos_usuario 
       alter column logradouro set data type varchar(255)
Hibernate: 
    alter table if exists enderecos_usuario 
       alter column uf set data type varchar(255)
Hibernate: 
    alter table if exists enderecos_usuario 
       alter column usuario_id set data type bigint
Hibernate: 
    alter table if exists imagens_produto 
       alter column id set data type bigint
Hibernate: 
    alter table if exists imagens_produto 
       alter column produto_id set data type bigint
Hibernate: 
    alter table if exists imagens_produto 
       alter column url set data type varchar(255)
Hibernate: 
    alter table if exists produto_categoria 
       alter column categoria_id set data type bigint
Hibernate: 
    alter table if exists produto_categoria 
       alter column produto_id set data type bigint
Hibernate: 
    alter table if exists tamanhos_variacao 
       alter column id set data type bigint
Hibernate: 
    alter table if exists tamanhos_variacao 
       alter column tamanho set data type varchar(255)
Hibernate: 
    alter table if exists tamanhos_variacao 
       alter column variacao_id set data type bigint
Hibernate: 
    alter table if exists usuarios 
       alter column id set data type bigint
Hibernate: 
    alter table if exists usuarios 
       alter column cpf set data type varchar(255)
Hibernate: 
    alter table if exists usuarios 
       alter column email set data type varchar(255)
Hibernate: 
    alter table if exists usuarios 
       alter column nome set data type varchar(255)
Hibernate: 
    alter table if exists usuarios 
       alter column papel set data type varchar(255)
Hibernate: 
    alter table if exists usuarios 
       alter column senha_hash set data type varchar(255)
Hibernate: 
    alter table if exists usuarios 
       alter column telefone set data type varchar(255)
Hibernate: 
    alter table if exists variacoes_produto 
       alter column id set data type bigint
Hibernate: 
    alter table if exists variacoes_produto 
       alter column cor set data type varchar(255)
Hibernate: 
    alter table if exists variacoes_produto 
       alter column produto_id set data type bigint
2025-04-16T01:55:01.991-03:00  INFO 17644 --- [    Test worker] j.LocalContainerEntityManagerFactoryBean : Initialized JPA EntityManagerFactory for persistence unit 'default'
2025-04-16T01:55:02.402-03:00  WARN 17644 --- [    Test worker] JpaBaseConfiguration$JpaWebConfiguration : spring.jpa.open-in-view is enabled by default. Therefore, database queries may be performed during view rendering. Explicitly configure spring.jpa.open-in-view to disable this warning
2025-04-16T01:55:02.455-03:00  INFO 17644 --- [    Test worker] o.s.v.b.OptionalValidatorFactoryBean     : Failed to set up a Bean Validation provider: jakarta.validation.NoProviderFoundException: Unable to create a Configuration, because no Jakarta Bean Validation provider could be found. Add a provider like Hibernate Validator (RI) to your classpath.
2025-04-16T01:55:02.802-03:00  INFO 17644 --- [    Test worker] b.c.p.e.EcommerceApplicationTests        : Started EcommerceApplicationTests in 6.165 seconds (process running for 7.213)
]]></system-out>
  <system-err><![CDATA[]]></system-err>
</testsuite>
